0 info it worked if it ends with ok
1 verbose cli [ '/usr/local/bin/node',
1 verbose cli   '/usr/local/bin/npm',
1 verbose cli   'install',
1 verbose cli   'http',
1 verbose cli   '-',
1 verbose cli   'server',
1 verbose cli   '-',
1 verbose cli   'g' ]
2 info using npm@3.9.0
3 info using node@v5.9.1
4 silly loadCurrentTree Starting
5 silly install loadCurrentTree
6 silly install readLocalPackageData
7 silly fetchPackageMetaData http
8 silly fetchPackageMetaData -
9 silly fetchPackageMetaData server
10 silly fetchPackageMetaData -
11 silly fetchPackageMetaData g
12 silly fetchNamedPackageData http
13 silly mapToRegistry name http
14 silly mapToRegistry using default registry
15 silly mapToRegistry registry https://registry.npmjs.org/
16 silly mapToRegistry data Result {
16 silly mapToRegistry   raw: 'http',
16 silly mapToRegistry   scope: null,
16 silly mapToRegistry   name: 'http',
16 silly mapToRegistry   rawSpec: '',
16 silly mapToRegistry   spec: 'latest',
16 silly mapToRegistry   type: 'tag' }
17 silly mapToRegistry uri https://registry.npmjs.org/http
18 silly fetchOtherPackageData -
19 silly cache add args [ '-', null ]
20 verbose cache add spec -
21 silly fetchNamedPackageData server
22 silly mapToRegistry name server
23 silly mapToRegistry using default registry
24 silly mapToRegistry registry https://registry.npmjs.org/
25 silly mapToRegistry data Result {
25 silly mapToRegistry   raw: 'server',
25 silly mapToRegistry   scope: null,
25 silly mapToRegistry   name: 'server',
25 silly mapToRegistry   rawSpec: '',
25 silly mapToRegistry   spec: 'latest',
25 silly mapToRegistry   type: 'tag' }
26 silly mapToRegistry uri https://registry.npmjs.org/server
27 silly fetchOtherPackageData -
28 silly cache add args [ '-', null ]
29 verbose cache add spec -
30 silly fetchNamedPackageData g
31 silly mapToRegistry name g
32 silly mapToRegistry using default registry
33 silly mapToRegistry registry https://registry.npmjs.org/
34 silly mapToRegistry data Result {
34 silly mapToRegistry   raw: 'g',
34 silly mapToRegistry   scope: null,
34 silly mapToRegistry   name: 'g',
34 silly mapToRegistry   rawSpec: '',
34 silly mapToRegistry   spec: 'latest',
34 silly mapToRegistry   type: 'tag' }
35 silly mapToRegistry uri https://registry.npmjs.org/g
36 silly cache add parsed spec Result {
36 silly cache add   raw: '-',
36 silly cache add   scope: null,
36 silly cache add   name: null,
36 silly cache add   rawSpec: '-',
36 silly cache add   spec: '/Users/apple/htdocs/fresh-fresh/-',
36 silly cache add   type: 'local' }
37 silly cache add parsed spec Result {
37 silly cache add   raw: '-',
37 silly cache add   scope: null,
37 silly cache add   name: null,
37 silly cache add   rawSpec: '-',
37 silly cache add   spec: '/Users/apple/htdocs/fresh-fresh/-',
37 silly cache add   type: 'local' }
38 verbose request uri https://registry.npmjs.org/server
39 verbose request no auth needed
40 info attempt registry request try #1 at 11:24:09 AM
41 verbose request id 4efe8cbb03c42205
42 http request GET https://registry.npmjs.org/server
43 verbose request uri https://registry.npmjs.org/g
44 verbose request no auth needed
45 info attempt registry request try #1 at 11:24:09 AM
46 http request GET https://registry.npmjs.org/g
47 error addLocal Could not install /Users/apple/htdocs/fresh-fresh/-
48 silly fetchPackageMetaData Error: ENOENT: no such file or directory, open '/Users/apple/htdocs/fresh-fresh/-'
48 silly fetchPackageMetaData     at Error (native)
48 silly fetchPackageMetaData  error for - { [Error: ENOENT: no such file or directory, open '/Users/apple/htdocs/fresh-fresh/-']
48 silly fetchPackageMetaData   errno: -2,
48 silly fetchPackageMetaData   code: 'ENOENT',
48 silly fetchPackageMetaData   syscall: 'open',
48 silly fetchPackageMetaData   path: '/Users/apple/htdocs/fresh-fresh/-' }
49 error addLocal Could not install /Users/apple/htdocs/fresh-fresh/-
50 silly fetchPackageMetaData Error: ENOENT: no such file or directory, open '/Users/apple/htdocs/fresh-fresh/-'
50 silly fetchPackageMetaData     at Error (native)
50 silly fetchPackageMetaData  error for - { [Error: ENOENT: no such file or directory, open '/Users/apple/htdocs/fresh-fresh/-']
50 silly fetchPackageMetaData   errno: -2,
50 silly fetchPackageMetaData   code: 'ENOENT',
50 silly fetchPackageMetaData   syscall: 'open',
50 silly fetchPackageMetaData   path: '/Users/apple/htdocs/fresh-fresh/-' }
51 verbose request uri https://registry.npmjs.org/http
52 verbose request no auth needed
53 info attempt registry request try #1 at 11:24:10 AM
54 verbose etag "302YNUC7NDVF0ZEPKZ9FRMRAQ"
55 http request GET https://registry.npmjs.org/http
56 http 200 https://registry.npmjs.org/http
57 verbose headers { server: 'CouchDB/1.5.0 (Erlang OTP/R16B03)',
57 verbose headers   etag: '"STZ2Y8389J75VPYD13FVS1JT"',
57 verbose headers   'content-type': 'application/json',
57 verbose headers   'content-encoding': 'gzip',
57 verbose headers   'cache-control': 'max-age=300',
57 verbose headers   'content-length': '526',
57 verbose headers   'accept-ranges': 'bytes',
57 verbose headers   date: 'Sat, 29 Oct 2016 03:24:11 GMT',
57 verbose headers   via: '1.1 varnish',
57 verbose headers   age: '296',
57 verbose headers   connection: 'keep-alive',
57 verbose headers   'x-served-by': 'cache-lhr6333-LHR',
57 verbose headers   'x-cache': 'HIT',
57 verbose headers   'x-cache-hits': '10',
57 verbose headers   'x-timer': 'S1477711451.949485,VS0,VE0',
57 verbose headers   vary: 'Accept-Encoding' }
58 silly get cb [ 200,
58 silly get   { server: 'CouchDB/1.5.0 (Erlang OTP/R16B03)',
58 silly get     etag: '"STZ2Y8389J75VPYD13FVS1JT"',
58 silly get     'content-type': 'application/json',
58 silly get     'content-encoding': 'gzip',
58 silly get     'cache-control': 'max-age=300',
58 silly get     'content-length': '526',
58 silly get     'accept-ranges': 'bytes',
58 silly get     date: 'Sat, 29 Oct 2016 03:24:11 GMT',
58 silly get     via: '1.1 varnish',
58 silly get     age: '296',
58 silly get     connection: 'keep-alive',
58 silly get     'x-served-by': 'cache-lhr6333-LHR',
58 silly get     'x-cache': 'HIT',
58 silly get     'x-cache-hits': '10',
58 silly get     'x-timer': 'S1477711451.949485,VS0,VE0',
58 silly get     vary: 'Accept-Encoding' } ]
59 verbose get saving http to /Users/apple/.npm/registry.npmjs.org/http/.cache.json
60 verbose correctMkdir /Users/apple/.npm correctMkdir not in flight; initializing
61 http 200 https://registry.npmjs.org/g
62 verbose headers { server: 'CouchDB/1.5.0 (Erlang OTP/R16B03)',
62 verbose headers   etag: '"5IBAML63Y5Y7Q10E1FX7BLFSO"',
62 verbose headers   'content-type': 'application/json',
62 verbose headers   'content-encoding': 'gzip',
62 verbose headers   'cache-control': 'max-age=300',
62 verbose headers   'content-length': '1885',
62 verbose headers   'accept-ranges': 'bytes',
62 verbose headers   date: 'Sat, 29 Oct 2016 03:24:12 GMT',
62 verbose headers   via: '1.1 varnish',
62 verbose headers   age: '0',
62 verbose headers   connection: 'keep-alive',
62 verbose headers   'x-served-by': 'cache-lhr6325-LHR',
62 verbose headers   'x-cache': 'MISS',
62 verbose headers   'x-cache-hits': '0',
62 verbose headers   'x-timer': 'S1477711451.623116,VS0,VE378',
62 verbose headers   vary: 'Accept-Encoding' }
63 silly get cb [ 200,
63 silly get   { server: 'CouchDB/1.5.0 (Erlang OTP/R16B03)',
63 silly get     etag: '"5IBAML63Y5Y7Q10E1FX7BLFSO"',
63 silly get     'content-type': 'application/json',
63 silly get     'content-encoding': 'gzip',
63 silly get     'cache-control': 'max-age=300',
63 silly get     'content-length': '1885',
63 silly get     'accept-ranges': 'bytes',
63 silly get     date: 'Sat, 29 Oct 2016 03:24:12 GMT',
63 silly get     via: '1.1 varnish',
63 silly get     age: '0',
63 silly get     connection: 'keep-alive',
63 silly get     'x-served-by': 'cache-lhr6325-LHR',
63 silly get     'x-cache': 'MISS',
63 silly get     'x-cache-hits': '0',
63 silly get     'x-timer': 'S1477711451.623116,VS0,VE378',
63 silly get     vary: 'Accept-Encoding' } ]
64 verbose get saving g to /Users/apple/.npm/registry.npmjs.org/g/.cache.json
65 verbose correctMkdir /Users/apple/.npm correctMkdir not in flight; initializing
66 http 200 https://registry.npmjs.org/server
67 verbose headers { server: 'CouchDB/1.6.1 (Erlang OTP/R16B03)',
67 verbose headers   etag: '"3IKLZ11O6T9ZWJBZV5MLX0FAY"',
67 verbose headers   'content-type': 'application/json',
67 verbose headers   'content-encoding': 'gzip',
67 verbose headers   'cache-control': 'max-age=300',
67 verbose headers   'content-length': '800',
67 verbose headers   'accept-ranges': 'bytes',
67 verbose headers   date: 'Sat, 29 Oct 2016 03:24:13 GMT',
67 verbose headers   via: '1.1 varnish',
67 verbose headers   age: '0',
67 verbose headers   connection: 'keep-alive',
67 verbose headers   'x-served-by': 'cache-lhr6344-LHR',
67 verbose headers   'x-cache': 'MISS',
67 verbose headers   'x-cache-hits': '0',
67 verbose headers   'x-timer': 'S1477711452.916555,VS0,VE95',
67 verbose headers   vary: 'Accept-Encoding' }
68 silly get cb [ 200,
68 silly get   { server: 'CouchDB/1.6.1 (Erlang OTP/R16B03)',
68 silly get     etag: '"3IKLZ11O6T9ZWJBZV5MLX0FAY"',
68 silly get     'content-type': 'application/json',
68 silly get     'content-encoding': 'gzip',
68 silly get     'cache-control': 'max-age=300',
68 silly get     'content-length': '800',
68 silly get     'accept-ranges': 'bytes',
68 silly get     date: 'Sat, 29 Oct 2016 03:24:13 GMT',
68 silly get     via: '1.1 varnish',
68 silly get     age: '0',
68 silly get     connection: 'keep-alive',
68 silly get     'x-served-by': 'cache-lhr6344-LHR',
68 silly get     'x-cache': 'MISS',
68 silly get     'x-cache-hits': '0',
68 silly get     'x-timer': 'S1477711452.916555,VS0,VE95',
68 silly get     vary: 'Accept-Encoding' } ]
69 verbose get saving server to /Users/apple/.npm/registry.npmjs.org/server/.cache.json
70 verbose correctMkdir /Users/apple/.npm correctMkdir not in flight; initializing
71 silly rollbackFailedOptional Starting
72 silly rollbackFailedOptional Finishing
73 silly runTopLevelLifecycles Starting
74 silly runTopLevelLifecycles Finishing
75 silly install printInstalled
76 verbose stack Error: ENOENT: no such file or directory, open '/Users/apple/htdocs/fresh-fresh/-'
76 verbose stack     at Error (native)
77 verbose cwd /Users/apple/htdocs/fresh-fresh
78 error Darwin 15.6.0
79 error argv "/usr/local/bin/node" "/usr/local/bin/npm" "install" "http" "-" "server" "-" "g"
80 error node v5.9.1
81 error npm  v3.9.0
82 error path /Users/apple/htdocs/fresh-fresh/-
83 error code ENOENT
84 error errno -2
85 error syscall open
86 error enoent ENOENT: no such file or directory, open '/Users/apple/htdocs/fresh-fresh/-'
87 error enoent ENOENT: no such file or directory, open '/Users/apple/htdocs/fresh-fresh/-'
87 error enoent This is most likely not a problem with npm itself
87 error enoent and is related to npm not being able to find a file.
88 verbose exit [ -2, true ]
